This file contains any messages produced by compilers while
running configure, to aid debugging if configure makes a mistake.

It was created by freecell configure 1.0, which was
generated by GNU Autoconf 2.61.  Invocation command line was

  $ ./configure 

## --------- ##
## Platform. ##
## --------- ##

hostname = suzukiiichiro.local
uname -m = x86_64
uname -r = 13.4.0
uname -s = Darwin
uname -v = Darwin Kernel Version 13.4.0: Wed Mar 18 16:20:14 PDT 2015; root:xnu-2422.115.14~1/RELEASE_X86_64

/usr/bin/uname -p = i386
/bin/uname -X     = unknown

/bin/arch              = unknown
/usr/bin/arch -k       = unknown
/usr/convex/getsysinfo = unknown
/usr/bin/hostinfo      = Mach kernel version:
	 Darwin Kernel Version 13.4.0: Wed Mar 18 16:20:14 PDT 2015; root:xnu-2422.115.14~1/RELEASE_X86_64
Kernel configured for up to 8 processors.
4 processors are physically available.
8 processors are logically available.
Processor type: i486 (Intel 80486)
Processors active: 0 1 2 3 4 5 6 7
Primary memory available: 16.00 gigabytes
Default processor set: 180 tasks, 784 threads, 8 processors
Load average: 1.18, Mach factor: 6.81
/bin/machine           = unknown
/usr/bin/oslevel       = unknown
/bin/universe          = unknown

PATH: /Library/Frameworks/Python.framework/Versions/3.6/bin
PATH: /Library/Java/JavaVirtualMachines/jdk1.8.0_91.jdk/Contents/Home/bin
PATH: /usr/local/opt/ncurses/bin
PATH: /Users/suzukiiichiro/GitHub/AI_DeepLearning/apache-maven-3.3.9/bin
PATH: /Library/Frameworks/Python.framework/Versions/2.7/bin
PATH: /usr/bin
PATH: /bin
PATH: /usr/sbin
PATH: /sbin
PATH: /usr/local/bin
PATH: /usr/share
PATH: /usr/local/share
PATH: /usr/local/lib
PATH: /usr/local/include/ncurses
PATH: /usr/local/man
PATH: /usr/local/share/terminfo
PATH: /usr/local/git/bin
PATH: /opt/local/bin
PATH: /opt/local/sbin
PATH: /usr/local/Cellar/gcc/5.3.0
PATH: /Library/Frameworks/Python.framework/Versions/3.6/bin
PATH: /Library/Java/JavaVirtualMachines/jdk1.8.0_91.jdk/Contents/Home/bin
PATH: /usr/local/opt/ncurses/bin
PATH: /Users/suzukiiichiro/GitHub/AI_DeepLearning/apache-maven-3.3.9/bin
PATH: /Library/Frameworks/Python.framework/Versions/2.7/bin
PATH: /usr/bin
PATH: /bin
PATH: /usr/sbin
PATH: /sbin
PATH: /usr/local/bin
PATH: /usr/share
PATH: /usr/local/share
PATH: /usr/local/lib
PATH: /usr/local/include/ncurses
PATH: /usr/local/man
PATH: /usr/local/share/terminfo
PATH: /usr/local/git/bin
PATH: /opt/local/bin
PATH: /opt/local/sbin
PATH: /usr/local/Cellar/gcc/5.3.0
PATH: /usr/bin
PATH: /bin
PATH: /usr/sbin
PATH: /sbin


## ----------- ##
## Core tests. ##
## ----------- ##

configure:1774: checking for a BSD-compatible install
configure:1830: result: /usr/bin/install -c
configure:1841: checking whether build environment is sane
configure:1884: result: yes
configure:1912: checking for a thread-safe mkdir -p
configure:1951: result: ./install-sh -c -d
configure:1964: checking for gawk
configure:1980: found /usr/bin/gawk
configure:1991: result: gawk
configure:2002: checking whether make sets $(MAKE)
configure:2023: result: yes
configure:2263: checking for gcc
configure:2279: found /usr/bin/gcc
configure:2290: result: gcc
configure:2528: checking for C compiler version
configure:2535: gcc --version >&5
Configured with: --prefix=/Applications/Xcode.app/Contents/Developer/usr --with-gxx-include-dir=/usr/include/c++/4.2.1
Apple LLVM version 6.0 (clang-600.0.57) (based on LLVM 3.5svn)
Target: x86_64-apple-darwin13.4.0
Thread model: posix
configure:2538: $? = 0
configure:2545: gcc -v >&5
Configured with: --prefix=/Applications/Xcode.app/Contents/Developer/usr --with-gxx-include-dir=/usr/include/c++/4.2.1
Apple LLVM version 6.0 (clang-600.0.57) (based on LLVM 3.5svn)
Target: x86_64-apple-darwin13.4.0
Thread model: posix
configure:2548: $? = 0
configure:2555: gcc -V >&5
clang: error: argument to '-V' is missing (expected 1 value)
clang: error: no input files
configure:2558: $? = 1
configure:2581: checking for C compiler default output file name
configure:2608: gcc    conftest.c  >&5
configure:2611: $? = 0
configure:2649: result: a.out
configure:2666: checking whether the C compiler works
configure:2676: ./a.out
configure:2679: $? = 0
configure:2696: result: yes
configure:2703: checking whether we are cross compiling
configure:2705: result: no
configure:2708: checking for suffix of executables
configure:2715: gcc -o conftest    conftest.c  >&5
configure:2718: $? = 0
configure:2742: result: 
configure:2748: checking for suffix of object files
configure:2774: gcc -c   conftest.c >&5
configure:2777: $? = 0
configure:2800: result: o
configure:2804: checking whether we are using the GNU C compiler
configure:2833: gcc -c   conftest.c >&5
configure:2839: $? = 0
configure:2856: result: yes
configure:2861: checking whether gcc accepts -g
configure:2891: gcc -c -g  conftest.c >&5
configure:2897: $? = 0
configure:2996: result: yes
configure:3013: checking for gcc option to accept ISO C89
configure:3087: gcc  -c -g -O2  conftest.c >&5
configure:3093: $? = 0
configure:3116: result: none needed
configure:3145: checking for style of include used by make
configure:3173: result: GNU
configure:3198: checking dependency style of gcc
configure:3289: result: gcc3
configure:3308: checking for start_color in -lncurses
configure:3343: gcc -o conftest -g -O2   conftest.c -lncurses   >&5
configure:3349: $? = 0
configure:3367: result: yes
configure:3385: checking how to run the C preprocessor
configure:3425: gcc -E  conftest.c
configure:3431: $? = 0
configure:3462: gcc -E  conftest.c
conftest.c:11:10: fatal error: 'ac_nonexistent.h' file not found
#include <ac_nonexistent.h>
         ^
1 error generated.
configure:3468: $? = 1
configure: failed program was:
| /* confdefs.h.  */
| #define PACKAGE_NAME "freecell"
| #define PACKAGE_TARNAME "freecell"
| #define PACKAGE_VERSION "1.0"
| #define PACKAGE_STRING "freecell 1.0"
| #define PACKAGE_BUGREPORT "linus@linusakesson.net"
| #define PACKAGE "freecell"
| #define VERSION "1.0"
| #define HAVE_LIBNCURSES 1
| /* end confdefs.h.  */
| #include <ac_nonexistent.h>
configure:3501: result: gcc -E
configure:3530: gcc -E  conftest.c
configure:3536: $? = 0
configure:3567: gcc -E  conftest.c
conftest.c:11:10: fatal error: 'ac_nonexistent.h' file not found
#include <ac_nonexistent.h>
         ^
1 error generated.
configure:3573: $? = 1
configure: failed program was:
| /* confdefs.h.  */
| #define PACKAGE_NAME "freecell"
| #define PACKAGE_TARNAME "freecell"
| #define PACKAGE_VERSION "1.0"
| #define PACKAGE_STRING "freecell 1.0"
| #define PACKAGE_BUGREPORT "linus@linusakesson.net"
| #define PACKAGE "freecell"
| #define VERSION "1.0"
| #define HAVE_LIBNCURSES 1
| /* end confdefs.h.  */
| #include <ac_nonexistent.h>
configure:3611: checking for grep that handles long lines and -e
configure:3685: result: /opt/local/bin/grep
configure:3690: checking for egrep
configure:3768: result: /opt/local/bin/grep -E
configure:3773: checking for ANSI C header files
configure:3803: gcc -c -g -O2  conftest.c >&5
configure:3809: $? = 0
configure:3908: gcc -o conftest -g -O2   conftest.c -lncurses  >&5
configure:3911: $? = 0
configure:3917: ./conftest
configure:3920: $? = 0
configure:3937: result: yes
configure:3961: checking for sys/types.h
configure:3982: gcc -c -g -O2  conftest.c >&5
configure:3988: $? = 0
configure:4004: result: yes
configure:3961: checking for sys/stat.h
configure:3982: gcc -c -g -O2  conftest.c >&5
configure:3988: $? = 0
configure:4004: result: yes
configure:3961: checking for stdlib.h
configure:3982: gcc -c -g -O2  conftest.c >&5
configure:3988: $? = 0
configure:4004: result: yes
configure:3961: checking for string.h
configure:3982: gcc -c -g -O2  conftest.c >&5
configure:3988: $? = 0
configure:4004: result: yes
configure:3961: checking for memory.h
configure:3982: gcc -c -g -O2  conftest.c >&5
configure:3988: $? = 0
configure:4004: result: yes
configure:3961: checking for strings.h
configure:3982: gcc -c -g -O2  conftest.c >&5
configure:3988: $? = 0
configure:4004: result: yes
configure:3961: checking for inttypes.h
configure:3982: gcc -c -g -O2  conftest.c >&5
configure:3988: $? = 0
configure:4004: result: yes
configure:3961: checking for stdint.h
configure:3982: gcc -c -g -O2  conftest.c >&5
configure:3988: $? = 0
configure:4004: result: yes
configure:3961: checking for unistd.h
configure:3982: gcc -c -g -O2  conftest.c >&5
configure:3988: $? = 0
configure:4004: result: yes
configure:4023: checking for stdlib.h
configure:4029: result: yes
configure:4023: checking for string.h
configure:4029: result: yes
configure:4023: checking for unistd.h
configure:4029: result: yes
configure:4165: checking for an ANSI C-conforming const
configure:4240: gcc -c -g -O2  conftest.c >&5
configure:4246: $? = 0
configure:4261: result: yes
configure:4278: checking for stdlib.h
configure:4284: result: yes
configure:4418: checking for GNU libc compatible malloc
configure:4452: gcc -o conftest -g -O2   conftest.c -lncurses  >&5
configure:4455: $? = 0
configure:4461: ./conftest
configure:4464: $? = 0
configure:4480: result: yes
configure:4512: checking for strdup
configure:4568: gcc -o conftest -g -O2   conftest.c -lncurses  >&5
conftest.c:49:6: warning: incompatible redeclaration of library function 'strdup' [-Wincompatible-library-redeclaration]
char strdup ();
     ^
conftest.c:49:6: note: 'strdup' is a builtin with type 'char *(const char *)'
1 warning generated.
configure:4574: $? = 0
configure:4592: result: yes
configure:4749: creating ./config.status

## ---------------------- ##
## Running config.status. ##
## ---------------------- ##

This file was extended by freecell config.status 1.0, which was
generated by GNU Autoconf 2.61.  Invocation command line was

  CONFIG_FILES    = 
  CONFIG_HEADERS  = 
  CONFIG_LINKS    = 
  CONFIG_COMMANDS = 
  $ ./config.status 

on suzukiiichiro.local

config.status:620: creating Makefile
config.status:620: creating src/Makefile
config.status:620: creating doc/Makefile
config.status:811: executing depfiles commands

## ---------------- ##
## Cache variables. ##
## ---------------- ##

ac_cv_c_compiler_gnu=yes
ac_cv_c_const=yes
ac_cv_env_CC_set=
ac_cv_env_CC_value=
ac_cv_env_CFLAGS_set=
ac_cv_env_CFLAGS_value=
ac_cv_env_CPPFLAGS_set=
ac_cv_env_CPPFLAGS_value=
ac_cv_env_CPP_set=
ac_cv_env_CPP_value=
ac_cv_env_LDFLAGS_set=
ac_cv_env_LDFLAGS_value=
ac_cv_env_LIBS_set=
ac_cv_env_LIBS_value=
ac_cv_env_build_alias_set=
ac_cv_env_build_alias_value=
ac_cv_env_host_alias_set=
ac_cv_env_host_alias_value=
ac_cv_env_target_alias_set=
ac_cv_env_target_alias_value=
ac_cv_func_malloc_0_nonnull=yes
ac_cv_func_strdup=yes
ac_cv_header_inttypes_h=yes
ac_cv_header_memory_h=yes
ac_cv_header_stdc=yes
ac_cv_header_stdint_h=yes
ac_cv_header_stdlib_h=yes
ac_cv_header_string_h=yes
ac_cv_header_strings_h=yes
ac_cv_header_sys_stat_h=yes
ac_cv_header_sys_types_h=yes
ac_cv_header_unistd_h=yes
ac_cv_lib_ncurses_start_color=yes
ac_cv_objext=o
ac_cv_path_EGREP='/opt/local/bin/grep -E'
ac_cv_path_GREP=/opt/local/bin/grep
ac_cv_path_install='/usr/bin/install -c'
ac_cv_prog_AWK=gawk
ac_cv_prog_CPP='gcc -E'
ac_cv_prog_ac_ct_CC=gcc
ac_cv_prog_cc_c89=
ac_cv_prog_cc_g=yes
ac_cv_prog_make_make_set=yes
am_cv_CC_dependencies_compiler_type=gcc3

## ----------------- ##
## Output variables. ##
## ----------------- ##

ACLOCAL='${SHELL} /Users/suzukiiichiro/GoogleDrive/GitHub/freecell-1.0/missing --run aclocal-1.10'
AMDEPBACKSLASH='\'
AMDEP_FALSE='#'
AMDEP_TRUE=''
AMTAR='${SHELL} /Users/suzukiiichiro/GoogleDrive/GitHub/freecell-1.0/missing --run tar'
AUTOCONF='${SHELL} /Users/suzukiiichiro/GoogleDrive/GitHub/freecell-1.0/missing --run autoconf'
AUTOHEADER='${SHELL} /Users/suzukiiichiro/GoogleDrive/GitHub/freecell-1.0/missing --run autoheader'
AUTOMAKE='${SHELL} /Users/suzukiiichiro/GoogleDrive/GitHub/freecell-1.0/missing --run automake-1.10'
AWK='gawk'
CC='gcc'
CCDEPMODE='depmode=gcc3'
CFLAGS='-g -O2'
CPP='gcc -E'
CPPFLAGS=''
CYGPATH_W='echo'
DEFS='-DPACKAGE_NAME=\"freecell\" -DPACKAGE_TARNAME=\"freecell\" -DPACKAGE_VERSION=\"1.0\" -DPACKAGE_STRING=\"freecell\ 1.0\" -DPACKAGE_BUGREPORT=\"linus@linusakesson.net\" -DPACKAGE=\"freecell\" -DVERSION=\"1.0\" -DHAVE_LIBNCURSES=1 -DSTDC_HEADERS=1 -DHAVE_SYS_TYPES_H=1 -DHAVE_SYS_STAT_H=1 -DHAVE_STDLIB_H=1 -DHAVE_STRING_H=1 -DHAVE_MEMORY_H=1 -DHAVE_STRINGS_H=1 -DHAVE_INTTYPES_H=1 -DHAVE_STDINT_H=1 -DHAVE_UNISTD_H=1 -DHAVE_STDLIB_H=1 -DHAVE_STRING_H=1 -DHAVE_UNISTD_H=1 -DHAVE_STDLIB_H=1 -DHAVE_MALLOC=1 -DHAVE_STRDUP=1'
DEPDIR='.deps'
ECHO_C=''
ECHO_N='-n'
ECHO_T=''
EGREP='/opt/local/bin/grep -E'
EXEEXT=''
GREP='/opt/local/bin/grep'
INSTALL_DATA='${INSTALL} -m 644'
INSTALL_PROGRAM='${INSTALL}'
INSTALL_SCRIPT='${INSTALL}'
INSTALL_STRIP_PROGRAM='$(install_sh) -c -s'
LDFLAGS=''
LIBOBJS=''
LIBS='-lncurses '
LTLIBOBJS=''
MAKEINFO='${SHELL} /Users/suzukiiichiro/GoogleDrive/GitHub/freecell-1.0/missing --run makeinfo'
OBJEXT='o'
PACKAGE='freecell'
PACKAGE_BUGREPORT='linus@linusakesson.net'
PACKAGE_NAME='freecell'
PACKAGE_STRING='freecell 1.0'
PACKAGE_TARNAME='freecell'
PACKAGE_VERSION='1.0'
PATH_SEPARATOR=':'
SET_MAKE=''
SHELL='/bin/sh'
STRIP=''
VERSION='1.0'
ac_ct_CC='gcc'
am__fastdepCC_FALSE='#'
am__fastdepCC_TRUE=''
am__include='include'
am__isrc=''
am__leading_dot='.'
am__quote=''
am__tar='${AMTAR} chof - "$$tardir"'
am__untar='${AMTAR} xf -'
bindir='${exec_prefix}/bin'
build_alias=''
datadir='${datarootdir}'
datarootdir='${prefix}/share'
docdir='${datarootdir}/doc/${PACKAGE_TARNAME}'
dvidir='${docdir}'
exec_prefix='${prefix}'
host_alias=''
htmldir='${docdir}'
includedir='${prefix}/include'
infodir='${datarootdir}/info'
install_sh='$(SHELL) /Users/suzukiiichiro/GoogleDrive/GitHub/freecell-1.0/install-sh'
libdir='${exec_prefix}/lib'
libexecdir='${exec_prefix}/libexec'
localedir='${datarootdir}/locale'
localstatedir='${prefix}/var'
mandir='${datarootdir}/man'
mkdir_p='$(top_builddir)/./install-sh -c -d'
oldincludedir='/usr/include'
pdfdir='${docdir}'
prefix='/usr/games'
program_transform_name='s,x,x,'
psdir='${docdir}'
sbindir='${exec_prefix}/sbin'
sharedstatedir='${prefix}/com'
sysconfdir='${prefix}/etc'
target_alias=''

## ----------- ##
## confdefs.h. ##
## ----------- ##

#define PACKAGE_NAME "freecell"
#define PACKAGE_TARNAME "freecell"
#define PACKAGE_VERSION "1.0"
#define PACKAGE_STRING "freecell 1.0"
#define PACKAGE_BUGREPORT "linus@linusakesson.net"
#define PACKAGE "freecell"
#define VERSION "1.0"
#define HAVE_LIBNCURSES 1
#define STDC_HEADERS 1
#define HAVE_SYS_TYPES_H 1
#define HAVE_SYS_STAT_H 1
#define HAVE_STDLIB_H 1
#define HAVE_STRING_H 1
#define HAVE_MEMORY_H 1
#define HAVE_STRINGS_H 1
#define HAVE_INTTYPES_H 1
#define HAVE_STDINT_H 1
#define HAVE_UNISTD_H 1
#define HAVE_STDLIB_H 1
#define HAVE_STRING_H 1
#define HAVE_UNISTD_H 1
#define HAVE_STDLIB_H 1
#define HAVE_MALLOC 1
#define HAVE_STRDUP 1

configure: exit 0
